unityLibrary/build/intermediates/manifest_merge_blame_file/debug/manifest-merger-blame-debug-report.txt
1<?xml version="1.0" encoding="utf-8"?>
2<manifest xmlns:android="http://schemas.android.com/apk/res/android"
3    xmlns:tools="http://schemas.android.com/tools"
4    package="com.unity3d.player" >
5
6    <uses-sdk
7        android:minSdkVersion="24"
7-->src\main\AndroidManifest.xml
8        android:targetSdkVersion="33" />
8-->src\main\AndroidManifest.xml
9
10    <uses-feature android:glEsVersion="0x00030000" />
10-->src\main\AndroidManifest.xml:27:3-52
10-->src\main\AndroidManifest.xml:27:17-49
11    <uses-feature
11-->src\main\AndroidManifest.xml:28:3-91
12        android:name="android.hardware.vulkan.version"
12-->src\main\AndroidManifest.xml:28:17-63
13        android:required="false" />
13-->src\main\AndroidManifest.xml:28:64-88
14    <uses-feature
14-->src\main\AndroidManifest.xml:29:3-88
15        android:name="android.hardware.touchscreen"
15-->src\main\AndroidManifest.xml:29:17-60
16        android:required="false" />
16-->src\main\AndroidManifest.xml:29:61-85
17    <uses-feature
17-->src\main\AndroidManifest.xml:30:3-99
18        android:name="android.hardware.touchscreen.multitouch"
18-->src\main\AndroidManifest.xml:30:17-71
19        android:required="false" />
19-->src\main\AndroidManifest.xml:30:72-96
20    <uses-feature
20-->src\main\AndroidManifest.xml:31:3-108
21        android:name="android.hardware.touchscreen.multitouch.distinct"
21-->src\main\AndroidManifest.xml:31:17-80
22        android:required="false" />
22-->src\main\AndroidManifest.xml:31:81-105
23
24    <uses-permission android:name="android.permission.POST_NOTIFICATIONS" />
24-->src\main\AndroidManifest.xml:32:3-75
24-->src\main\AndroidManifest.xml:32:20-72
25
26    <application android:extractNativeLibs="true" >
26-->src\main\AndroidManifest.xml:3:3-26:17
26-->src\main\AndroidManifest.xml:3:16-48
27        <activity
27-->src\main\AndroidManifest.xml:4:5-12:16
28            android:name="com.unity3d.player.UnityPlayerActivity"
28-->src\main\AndroidManifest.xml:4:15-68
29            android:configChanges="mcc|mnc|locale|touchscreen|keyboard|keyboardHidden|navigation|orientation|screenLayout|uiMode|screenSize|smallestScreenSize|fontScale|layoutDirection|density"
29-->src\main\AndroidManifest.xml:4:180-361
30            android:exported="true"
30-->src\main\AndroidManifest.xml:5:9-32
31            android:hardwareAccelerated="false"
31-->src\main\AndroidManifest.xml:4:397-432
32            android:launchMode="singleTask"
32-->src\main\AndroidManifest.xml:4:148-179
33            android:resizeableActivity="false"
33-->src\main\AndroidManifest.xml:4:362-396
34            android:screenOrientation="portrait"
34-->src\main\AndroidManifest.xml:4:111-147
35            android:theme="@style/UnityThemeSelector" >
35-->src\main\AndroidManifest.xml:4:69-110
36            <intent-filter>
36-->src\main\AndroidManifest.xml:6:7-9:23
37                <action android:name="android.intent.action.MAIN" />
37-->src\main\AndroidManifest.xml:7:9-61
37-->src\main\AndroidManifest.xml:7:17-58
38
39                <category android:name="android.intent.category.LAUNCHER" />
39-->src\main\AndroidManifest.xml:8:9-69
39-->src\main\AndroidManifest.xml:8:19-66
40            </intent-filter>
41
42            <meta-data
42-->src\main\AndroidManifest.xml:10:7-82
43                android:name="unityplayer.UnityActivity"
43-->src\main\AndroidManifest.xml:10:18-58
44                android:value="true" />
44-->src\main\AndroidManifest.xml:10:59-79
45            <meta-data
45-->src\main\AndroidManifest.xml:11:7-78
46                android:name="android.notch_support"
46-->src\main\AndroidManifest.xml:11:18-54
47                android:value="true" />
47-->src\main\AndroidManifest.xml:11:55-75
48        </activity>
49
50        <meta-data
50-->src\main\AndroidManifest.xml:13:5-69
51            android:name="unity.splash-mode"
51-->src\main\AndroidManifest.xml:13:16-48
52            android:value="0" />
52-->src\main\AndroidManifest.xml:13:49-66
53        <meta-data
53-->src\main\AndroidManifest.xml:14:5-74
54            android:name="unity.splash-enable"
54-->src\main\AndroidManifest.xml:14:16-50
55            android:value="True" />
55-->src\main\AndroidManifest.xml:14:51-71
56        <meta-data
56-->src\main\AndroidManifest.xml:15:5-78
57            android:name="unity.launch-fullscreen"
57-->src\main\AndroidManifest.xml:15:16-54
58            android:value="True" />
58-->src\main\AndroidManifest.xml:15:55-75
59        <meta-data
59-->src\main\AndroidManifest.xml:16:5-84
60            android:name="unity.allow-resizable-window"
60-->src\main\AndroidManifest.xml:16:16-59
61            android:value="False" />
61-->src\main\AndroidManifest.xml:16:60-81
62        <meta-data
62-->src\main\AndroidManifest.xml:17:5-81
63            android:name="notch.config"
63-->src\main\AndroidManifest.xml:17:16-43
64            android:value="portrait|landscape" />
64-->src\main\AndroidManifest.xml:17:44-78
65        <meta-data
65-->src\main\AndroidManifest.xml:18:5-84
66            android:name="unity.auto-report-fully-drawn"
66-->src\main\AndroidManifest.xml:18:16-60
67            android:value="true" />
67-->src\main\AndroidManifest.xml:18:61-81
68
69        <receiver
69-->src\main\AndroidManifest.xml:19:5-113
70            android:name="com.unity.androidnotifications.UnityNotificationManager"
70-->src\main\AndroidManifest.xml:19:15-85
71            android:exported="false" />
71-->src\main\AndroidManifest.xml:19:86-110
72        <receiver
72-->src\main\AndroidManifest.xml:20:5-24:16
73            android:name="com.unity.androidnotifications.UnityNotificationRestartOnBootReceiver"
73-->src\main\AndroidManifest.xml:20:15-99
74            android:enabled="false"
74-->src\main\AndroidManifest.xml:20:100-123
75            android:exported="false" >
75-->src\main\AndroidManifest.xml:20:124-148
76            <intent-filter>
76-->src\main\AndroidManifest.xml:21:7-23:23
77                <action android:name="android.intent.action.BOOT_COMPLETED" />
77-->src\main\AndroidManifest.xml:22:9-71
77-->src\main\AndroidManifest.xml:22:17-68
78            </intent-filter>
79        </receiver>
80
81        <meta-data
81-->src\main\AndroidManifest.xml:25:5-99
82            android:name="com.unity.androidnotifications.exact_scheduling"
82-->src\main\AndroidManifest.xml:25:16-78
83            android:value="0" />
83-->src\main\AndroidManifest.xml:25:79-96
84    </application>
85
86</manifest>